2025-06-21 21:38:09,186 INFO: התקבלה התרעה חדשה:
{

  "id": "133946511910000000",

  "cat": "10",

  "title": "חדירת כלי טיס עוין",

  "data": [

    "תל אביב - דרום העיר ויפו",
    "תל אביב - מזרח",
    "תל אביב - מרכז העיר",
    "תל אביב - עבר הירקון"

  ],

  "desc": "היכנסו מייד למרחב המוגן "
}
2025-06-21 21:38:45,858 INFO: התקבלה התרעה חדשה:
{

  "id": "133946511910000000",

  "cat": "10",

  "title": "חדירת כלי טיס עוין",

  "data": [

    "תל אביב - דרום העיר ויפו",
    "תל אביב - מזרח",
    "תל אביב - מרכז העיר",
    "תל אביב - עבר הירקון"

  ],

  "desc": "היכנסו מייד למרחב המוגן "
}
2025-06-21 21:38:47,196 INFO: התקבלה התרעה חדשה:
{

  "id": "133946511910000000",

  "cat": "10",

  "title": "חדירת כלי טיס עוין",

  "data": [

    "תל אביב - דרום העיר ויפו",
    "תל אביב - מזרח",
    "תל אביב - מרכז העיר",
    "תל אביב - עבר הירקון"

  ],

  "desc": "היכנסו מייד למרחב המוגן "
}
2025-06-21 21:38:48,693 INFO: התקבלה התרעה חדשה:
{

  "id": "133946511910000000",

  "cat": "10",

  "title": "חדירת כלי טיס עוין",

  "data": [

    "תל אביב - דרום העיר ויפו",
    "תל אביב - מזרח",
    "תל אביב - מרכז העיר",
    "תל אביב - עבר הירקון"

  ],

  "desc": "היכנסו מייד למרחב המוגן "
}
2025-06-21 21:38:50,000 INFO: התקבלה התרעה חדשה:
{

  "id": "133946511910000000",

  "cat": "10",

  "title": "חדירת כלי טיס עוין",

  "data": [

    "תל אביב - דרום העיר ויפו",
    "תל אביב - מזרח",
    "תל אביב - מרכז העיר",
    "תל אביב - עבר הירקון"

  ],

  "desc": "היכנסו מייד למרחב המוגן "
}
2025-06-21 21:38:51,323 INFO: התקבלה התרעה חדשה:
{

  "id": "133946511910000000",

  "cat": "10",

  "title": "חדירת כלי טיס עוין",

  "data": [

    "תל אביב - דרום העיר ויפו",
    "תל אביב - מזרח",
    "תל אביב - מרכז העיר",
    "תל אביב - עבר הירקון"

  ],

  "desc": "היכנסו מייד למרחב המוגן "
}
2025-06-21 21:38:52,694 INFO: התקבלה התרעה חדשה:
{

  "id": "133946511910000000",

  "cat": "10",

  "title": "חדירת כלי טיס עוין",

  "data": [

    "תל אביב - דרום העיר ויפו",
    "תל אביב - מזרח",
    "תל אביב - מרכז העיר",
    "תל אביב - עבר הירקון"

  ],

  "desc": "היכנסו מייד למרחב המוגן "
}
2025-06-21 21:39:10,168 INFO: התקבלה התרעה חדשה:
{

  "id": "133946511910000000",

  "cat": "10",

  "title": "חדירת כלי טיס עוין",

  "data": [

    "תל אביב - דרום העיר ויפו",
    "תל אביב - מזרח",
    "תל אביב - מרכז העיר",
    "תל אביב - עבר הירקון"

  ],

  "desc": "היכנסו מייד למרחב המוגן "
}
2025-06-21 21:39:11,475 INFO: התקבלה התרעה חדשה:
{

  "id": "133946511910000000",

  "cat": "10",

  "title": "חדירת כלי טיס עוין",

  "data": [

    "תל אביב - דרום העיר ויפו",
    "תל אביב - מזרח",
    "תל אביב - מרכז העיר",
    "תל אביב - עבר הירקון"

  ],

  "desc": "היכנסו מייד למרחב המוגן "
}
2025-06-21 21:39:12,747 INFO: התקבלה התרעה חדשה:
{

  "id": "133946511910000000",

  "cat": "10",

  "title": "חדירת כלי טיס עוין",

  "data": [

    "תל אביב - דרום העיר ויפו",
    "תל אביב - מזרח",
    "תל אביב - מרכז העיר",
    "תל אביב - עבר הירקון"

  ],

  "desc": "היכנסו מייד למרחב המוגן "
}
2025-06-21 21:49:54,539 INFO: התקבלה התרעה חדשה:
{

  "id": "133946511910000000",

  "cat": "10",

  "title": "חדירת כלי טיס עוין",

  "data": [

    "תל אביב - דרום העיר ויפו",
    "תל אביב - מזרח",
    "תל אביב - מרכז העיר",
    "תל אביב - עבר הירקון"

  ],

  "desc": "היכנסו מייד למרחב המוגן "
}
2025-06-21 21:49:55,984 INFO: התקבלה התרעה חדשה:
{

  "id": "133946511910000000",

  "cat": "10",

  "title": "חדירת כלי טיס עוין",

  "data": [

    "תל אביב - דרום העיר ויפו",
    "תל אביב - מזרח",
    "תל אביב - מרכז העיר",
    "תל אביב - עבר הירקון"

  ],

  "desc": "היכנסו מייד למרחב המוגן "
}
2025-06-21 21:54:33,017 INFO: התקבלה התרעה חדשה:
{

  "id": "133946511910000000",

  "cat": "10",

  "title": "חדירת כלי טיס עוין",

  "data": [

    "תל אביב - דרום העיר ויפו",
    "תל אביב - מזרח",
    "תל אביב - מרכז העיר",
    "תל אביב - עבר הירקון"

  ],

  "desc": "היכנסו מייד למרחב המוגן "
}
2025-06-21 21:54:34,402 INFO: התקבלה התרעה חדשה:
{

  "id": "133946511910000000",

  "cat": "10",

  "title": "חדירת כלי טיס עוין",

  "data": [

    "תל אביב - דרום העיר ויפו",
    "תל אביב - מזרח",
    "תל אביב - מרכז העיר",
    "תל אביב - עבר הירקון"

  ],

  "desc": "היכנסו מייד למרחב המוגן "
}
2025-06-21 21:54:35,718 INFO: התקבלה התרעה חדשה:
{

  "id": "133946511910000000",

  "cat": "10",

  "title": "חדירת כלי טיס עוין",

  "data": [

    "תל אביב - דרום העיר ויפו",
    "תל אביב - מזרח",
    "תל אביב - מרכז העיר",
    "תל אביב - עבר הירקון"

  ],

  "desc": "היכנסו מייד למרחב המוגן "
}
2025-06-21 21:54:36,993 INFO: התקבלה התרעה חדשה:
{

  "id": "133946511910000000",

  "cat": "10",

  "title": "חדירת כלי טיס עוין",

  "data": [

    "תל אביב - דרום העיר ויפו",
    "תל אביב - מזרח",
    "תל אביב - מרכז העיר",
    "תל אביב - עבר הירקון"

  ],

  "desc": "היכנסו מייד למרחב המוגן "
}
2025-06-21 21:54:38,395 INFO: התקבלה התרעה חדשה:
{

  "id": "133946511910000000",

  "cat": "10",

  "title": "חדירת כלי טיס עוין",

  "data": [

    "תל אביב - דרום העיר ויפו",
    "תל אביב - מזרח",
    "תל אביב - מרכז העיר",
    "תל אביב - עבר הירקון"

  ],

  "desc": "היכנסו מייד למרחב המוגן "
}
2025-06-21 21:54:39,641 INFO: התקבלה התרעה חדשה:
{

  "id": "133946511910000000",

  "cat": "10",

  "title": "חדירת כלי טיס עוין",

  "data": [

    "תל אביב - דרום העיר ויפו",
    "תל אביב - מזרח",
    "תל אביב - מרכז העיר",
    "תל אביב - עבר הירקון"

  ],

  "desc": "היכנסו מייד למרחב המוגן "
}
2025-06-21 21:54:40,980 INFO: התקבלה התרעה חדשה:
{

  "id": "133946511910000000",

  "cat": "10",

  "title": "חדירת כלי טיס עוין",

  "data": [

    "תל אביב - דרום העיר ויפו",
    "תל אביב - מזרח",
    "תל אביב - מרכז העיר",
    "תל אביב - עבר הירקון"

  ],

  "desc": "היכנסו מייד למרחב המוגן "
}
2025-06-21 21:54:42,280 INFO: התקבלה התרעה חדשה:
{

  "id": "133946511910000000",

  "cat": "10",

  "title": "חדירת כלי טיס עוין",

  "data": [

    "תל אביב - דרום העיר ויפו",
    "תל אביב - מזרח",
    "תל אביב - מרכז העיר",
    "תל אביב - עבר הירקון"

  ],

  "desc": "היכנסו מייד למרחב המוגן "
}
2025-06-21 21:54:43,758 INFO: התקבלה התרעה חדשה:
{

  "id": "133946511910000000",

  "cat": "10",

  "title": "חדירת כלי טיס עוין",

  "data": [

    "תל אביב - דרום העיר ויפו",
    "תל אביב - מזרח",
    "תל אביב - מרכז העיר",
    "תל אביב - עבר הירקון"

  ],

  "desc": "היכנסו מייד למרחב המוגן "
}
2025-06-21 21:54:45,190 INFO: התקבלה התרעה חדשה:
{

  "id": "133946511910000000",

  "cat": "10",

  "title": "חדירת כלי טיס עוין",

  "data": [

    "תל אביב - דרום העיר ויפו",
    "תל אביב - מזרח",
    "תל אביב - מרכז העיר",
    "תל אביב - עבר הירקון"

  ],

  "desc": "היכנסו מייד למרחב המוגן "
}
2025-06-21 21:54:46,515 INFO: התקבלה התרעה חדשה:
{

  "id": "133946511910000000",

  "cat": "10",

  "title": "חדירת כלי טיס עוין",

  "data": [

    "תל אביב - דרום העיר ויפו",
    "תל אביב - מזרח",
    "תל אביב - מרכז העיר",
    "תל אביב - עבר הירקון"

  ],

  "desc": "היכנסו מייד למרחב המוגן "
}
2025-06-21 21:54:47,834 INFO: התקבלה התרעה חדשה:
{

  "id": "133946511910000000",

  "cat": "10",

  "title": "חדירת כלי טיס עוין",

  "data": [

    "תל אביב - דרום העיר ויפו",
    "תל אביב - מזרח",
    "תל אביב - מרכז העיר",
    "תל אביב - עבר הירקון"

  ],

  "desc": "היכנסו מייד למרחב המוגן "
}
2025-06-21 21:54:49,114 INFO: התקבלה התרעה חדשה:
{

  "id": "133946511910000000",

  "cat": "10",

  "title": "חדירת כלי טיס עוין",

  "data": [

    "תל אביב - דרום העיר ויפו",
    "תל אביב - מזרח",
    "תל אביב - מרכז העיר",
    "תל אביב - עבר הירקון"

  ],

  "desc": "היכנסו מייד למרחב המוגן "
}
2025-06-21 21:54:50,396 INFO: התקבלה התרעה חדשה:
{

  "id": "133946511910000000",

  "cat": "10",

  "title": "חדירת כלי טיס עוין",

  "data": [

    "תל אביב - דרום העיר ויפו",
    "תל אביב - מזרח",
    "תל אביב - מרכז העיר",
    "תל אביב - עבר הירקון"

  ],

  "desc": "היכנסו מייד למרחב המוגן "
}
2025-06-21 21:54:51,741 INFO: התקבלה התרעה חדשה:
{

  "id": "133946511910000000",

  "cat": "10",

  "title": "חדירת כלי טיס עוין",

  "data": [

    "תל אביב - דרום העיר ויפו",
    "תל אביב - מזרח",
    "תל אביב - מרכז העיר",
    "תל אביב - עבר הירקון"

  ],

  "desc": "היכנסו מייד למרחב המוגן "
}
2025-06-21 21:54:53,171 INFO: התקבלה התרעה חדשה:
{

  "id": "133946511910000000",

  "cat": "10",

  "title": "חדירת כלי טיס עוין",

  "data": [

    "תל אביב - דרום העיר ויפו",
    "תל אביב - מזרח",
    "תל אביב - מרכז העיר",
    "תל אביב - עבר הירקון"

  ],

  "desc": "היכנסו מייד למרחב המוגן "
}
2025-06-21 21:54:54,489 INFO: התקבלה התרעה חדשה:
{

  "id": "133946511910000000",

  "cat": "10",

  "title": "חדירת כלי טיס עוין",

  "data": [

    "תל אביב - דרום העיר ויפו",
    "תל אביב - מזרח",
    "תל אביב - מרכז העיר",
    "תל אביב - עבר הירקון"

  ],

  "desc": "היכנסו מייד למרחב המוגן "
}
2025-06-21 21:54:55,872 INFO: התקבלה התרעה חדשה:
{

  "id": "133946511910000000",

  "cat": "10",

  "title": "חדירת כלי טיס עוין",

  "data": [

    "תל אביב - דרום העיר ויפו",
    "תל אביב - מזרח",
    "תל אביב - מרכז העיר",
    "תל אביב - עבר הירקון"

  ],

  "desc": "היכנסו מייד למרחב המוגן "
}
2025-06-21 21:54:57,289 INFO: התקבלה התרעה חדשה:
{

  "id": "133946511910000000",

  "cat": "10",

  "title": "חדירת כלי טיס עוין",

  "data": [

    "תל אביב - דרום העיר ויפו",
    "תל אביב - מזרח",
    "תל אביב - מרכז העיר",
    "תל אביב - עבר הירקון"

  ],

  "desc": "היכנסו מייד למרחב המוגן "
}
2025-06-21 21:54:58,656 INFO: התקבלה התרעה חדשה:
{

  "id": "133946511910000000",

  "cat": "10",

  "title": "חדירת כלי טיס עוין",

  "data": [

    "תל אביב - דרום העיר ויפו",
    "תל אביב - מזרח",
    "תל אביב - מרכז העיר",
    "תל אביב - עבר הירקון"

  ],

  "desc": "היכנסו מייד למרחב המוגן "
}
2025-06-21 21:54:59,980 INFO: התקבלה התרעה חדשה:
{

  "id": "133946511910000000",

  "cat": "10",

  "title": "חדירת כלי טיס עוין",

  "data": [

    "תל אביב - דרום העיר ויפו",
    "תל אביב - מזרח",
    "תל אביב - מרכז העיר",
    "תל אביב - עבר הירקון"

  ],

  "desc": "היכנסו מייד למרחב המוגן "
}
2025-06-21 21:55:01,339 INFO: התקבלה התרעה חדשה:
{

  "id": "133946511910000000",

  "cat": "10",

  "title": "חדירת כלי טיס עוין",

  "data": [

    "תל אביב - דרום העיר ויפו",
    "תל אביב - מזרח",
    "תל אביב - מרכז העיר",
    "תל אביב - עבר הירקון"

  ],

  "desc": "היכנסו מייד למרחב המוגן "
}
2025-06-21 21:55:02,699 INFO: התקבלה התרעה חדשה:
{

  "id": "133946511910000000",

  "cat": "10",

  "title": "חדירת כלי טיס עוין",

  "data": [

    "תל אביב - דרום העיר ויפו",
    "תל אביב - מזרח",
    "תל אביב - מרכז העיר",
    "תל אביב - עבר הירקון"

  ],

  "desc": "היכנסו מייד למרחב המוגן "
}
2025-06-21 21:55:04,121 INFO: התקבלה התרעה חדשה:
{

  "id": "133946511910000000",

  "cat": "10",

  "title": "חדירת כלי טיס עוין",

  "data": [

    "תל אביב - דרום העיר ויפו",
    "תל אביב - מזרח",
    "תל אביב - מרכז העיר",
    "תל אביב - עבר הירקון"

  ],

  "desc": "היכנסו מייד למרחב המוגן "
}
2025-06-21 21:55:05,416 INFO: התקבלה התרעה חדשה:
{

  "id": "133946511910000000",

  "cat": "10",

  "title": "חדירת כלי טיס עוין",

  "data": [

    "תל אביב - דרום העיר ויפו",
    "תל אביב - מזרח",
    "תל אביב - מרכז העיר",
    "תל אביב - עבר הירקון"

  ],

  "desc": "היכנסו מייד למרחב המוגן "
}
2025-06-21 21:55:06,774 INFO: התקבלה התרעה חדשה:
{

  "id": "133946511910000000",

  "cat": "10",

  "title": "חדירת כלי טיס עוין",

  "data": [

    "תל אביב - דרום העיר ויפו",
    "תל אביב - מזרח",
    "תל אביב - מרכז העיר",
    "תל אביב - עבר הירקון"

  ],

  "desc": "היכנסו מייד למרחב המוגן "
}
2025-06-21 21:55:08,104 INFO: התקבלה התרעה חדשה:
{

  "id": "133946511910000000",

  "cat": "10",

  "title": "חדירת כלי טיס עוין",

  "data": [

    "תל אביב - דרום העיר ויפו",
    "תל אביב - מזרח",
    "תל אביב - מרכז העיר",
    "תל אביב - עבר הירקון"

  ],

  "desc": "היכנסו מייד למרחב המוגן "
}
2025-06-21 21:55:09,393 INFO: התקבלה התרעה חדשה:
{

  "id": "133946511910000000",

  "cat": "10",

  "title": "חדירת כלי טיס עוין",

  "data": [

    "תל אביב - דרום העיר ויפו",
    "תל אביב - מזרח",
    "תל אביב - מרכז העיר",
    "תל אביב - עבר הירקון"

  ],

  "desc": "היכנסו מייד למרחב המוגן "
}
2025-06-21 21:55:10,765 INFO: התקבלה התרעה חדשה:
{

  "id": "133946511910000000",

  "cat": "10",

  "title": "חדירת כלי טיס עוין",

  "data": [

    "תל אביב - דרום העיר ויפו",
    "תל אביב - מזרח",
    "תל אביב - מרכז העיר",
    "תל אביב - עבר הירקון"

  ],

  "desc": "היכנסו מייד למרחב המוגן "
}
2025-06-21 21:55:12,105 INFO: התקבלה התרעה חדשה:
{

  "id": "133946511910000000",

  "cat": "10",

  "title": "חדירת כלי טיס עוין",

  "data": [

    "תל אביב - דרום העיר ויפו",
    "תל אביב - מזרח",
    "תל אביב - מרכז העיר",
    "תל אביב - עבר הירקון"

  ],

  "desc": "היכנסו מייד למרחב המוגן "
}
2025-06-21 21:55:13,452 INFO: התקבלה התרעה חדשה:
{

  "id": "133946511910000000",

  "cat": "10",

  "title": "חדירת כלי טיס עוין",

  "data": [

    "תל אביב - דרום העיר ויפו",
    "תל אביב - מזרח",
    "תל אביב - מרכז העיר",
    "תל אביב - עבר הירקון"

  ],

  "desc": "היכנסו מייד למרחב המוגן "
}
2025-06-21 21:55:14,956 INFO: התקבלה התרעה חדשה:
{

  "id": "133946511910000000",

  "cat": "10",

  "title": "חדירת כלי טיס עוין",

  "data": [

    "תל אביב - דרום העיר ויפו",
    "תל אביב - מזרח",
    "תל אביב - מרכז העיר",
    "תל אביב - עבר הירקון"

  ],

  "desc": "היכנסו מייד למרחב המוגן "
}
2025-06-21 21:55:16,269 INFO: התקבלה התרעה חדשה:
{

  "id": "133946511910000000",

  "cat": "10",

  "title": "חדירת כלי טיס עוין",

  "data": [

    "תל אביב - דרום העיר ויפו",
    "תל אביב - מזרח",
    "תל אביב - מרכז העיר",
    "תל אביב - עבר הירקון"

  ],

  "desc": "היכנסו מייד למרחב המוגן "
}
2025-06-21 21:55:17,635 INFO: התקבלה התרעה חדשה:
{

  "id": "133946511910000000",

  "cat": "10",

  "title": "חדירת כלי טיס עוין",

  "data": [

    "תל אביב - דרום העיר ויפו",
    "תל אביב - מזרח",
    "תל אביב - מרכז העיר",
    "תל אביב - עבר הירקון"

  ],

  "desc": "היכנסו מייד למרחב המוגן "
}
2025-06-21 21:55:19,121 INFO: התקבלה התרעה חדשה:
{

  "id": "133946511910000000",

  "cat": "10",

  "title": "חדירת כלי טיס עוין",

  "data": [

    "תל אביב - דרום העיר ויפו",
    "תל אביב - מזרח",
    "תל אביב - מרכז העיר",
    "תל אביב - עבר הירקון"

  ],

  "desc": "היכנסו מייד למרחב המוגן "
}
2025-06-21 21:55:20,499 INFO: התקבלה התרעה חדשה:
{

  "id": "133946511910000000",

  "cat": "10",

  "title": "חדירת כלי טיס עוין",

  "data": [

    "מצפה רמון",

  ],

  "desc": "היכנסו מייד למרחב המוגן "
}
2025-06-21 21:55:21,767 INFO: התקבלה התרעה חדשה:
{

  "id": "133946511910000000",

  "cat": "10",

  "title": "חדירת כלי טיס עוין",

  "data": [

    "מצפה רמון",

  ],

  "desc": "היכנסו מייד למרחב המוגן "
}
2025-06-21 21:55:23,259 INFO: התקבלה התרעה חדשה:
{

  "id": "133946511910000000",

  "cat": "10",

  "title": "חדירת כלי טיס עוין",

  "data": [

    "מצפה רמון",

  ],

  "desc": "היכנסו מייד למרחב המוגן "
}
2025-06-21 21:55:24,871 INFO: התקבלה התרעה חדשה:
{

  "id": "133946511910000000",

  "cat": "10",

  "title": "חדירת כלי טיס עוין",

  "data": [

    "מצפה רמון",

  ],

  "desc": "היכנסו מייד למרחב המוגן "
}
2025-06-21 21:55:26,203 INFO: התקבלה התרעה חדשה:
{

  "id": "133946511910000000",

  "cat": "10",

  "title": "חדירת כלי טיס עוין",

  "data": [

    "מצפה רמון",

  ],

  "desc": "היכנסו מייד למרחב המוגן "
}
2025-06-21 21:55:27,519 INFO: התקבלה התרעה חדשה:
{

  "id": "133946511910000000",

  "cat": "10",

  "title": "חדירת כלי טיס עוין",

  "data": [

    "מצפה רמון",

  ],

  "desc": "היכנסו מייד למרחב המוגן "
}
2025-06-21 21:55:28,886 INFO: התקבלה התרעה חדשה:
{

  "id": "133946511910000000",

  "cat": "10",

  "title": "חדירת כלי טיס עוין",

  "data": [

    "מצפה רמון",

  ],

  "desc": "היכנסו מייד למרחב המוגן "
}
2025-06-21 21:55:30,281 INFO: התקבלה התרעה חדשה:
{

  "id": "133946511910000000",

  "cat": "10",

  "title": "חדירת כלי טיס עוין",

  "data": [

    "מצפה רמון",

  ],

  "desc": "היכנסו מייד למרחב המוגן "
}
2025-06-21 21:55:31,564 INFO: התקבלה התרעה חדשה:
{

  "id": "133946511910000000",

  "cat": "10",

  "title": "חדירת כלי טיס עוין",

  "data": [

    "מצפה רמון",

  ],

  "desc": "היכנסו מייד למרחב המוגן "
}
2025-06-21 21:55:32,883 INFO: התקבלה התרעה חדשה:
{

  "id": "133946511910000000",

  "cat": "10",

  "title": "חדירת כלי טיס עוין",

  "data": [

    "מצפה רמון",

  ],

  "desc": "היכנסו מייד למרחב המוגן "
}
2025-06-21 21:55:34,246 INFO: התקבלה התרעה חדשה:
{

  "id": "133946511910000000",

  "cat": "10",

  "title": "חדירת כלי טיס עוין",

  "data": [

    "מצפה רמון",

  ],

  "desc": "היכנסו מייד למרחב המוגן "
}
2025-06-21 21:55:35,573 INFO: התקבלה התרעה חדשה:
{

  "id": "133946511910000000",

  "cat": "10",

  "title": "חדירת כלי טיס עוין",

  "data": [

    "מצפה רמון",

  ],

  "desc": "היכנסו מייד למרחב המוגן "
}
2025-06-21 21:55:36,921 INFO: התקבלה התרעה חדשה:
{

  "id": "133946511910000000",

  "cat": "10",

  "title": "חדירת כלי טיס עוין",

  "data": [

    "מצפה רמון",

  ],

  "desc": "היכנסו מייד למרחב המוגן "
}
2025-06-21 21:55:38,371 INFO: התקבלה התרעה חדשה:
{

  "id": "133946511910000000",

  "cat": "10",

  "title": "חדירת כלי טיס עוין",

  "data": [

    "מצפה רמון",

  ],

  "desc": "היכנסו מייד למרחב המוגן "
}
2025-06-21 21:55:39,674 INFO: התקבלה התרעה חדשה:
{

  "id": "133946511910000000",

  "cat": "10",

  "title": "חדירת כלי טיס עוין",

  "data": [

    "מצפה רמון",

  ],

  "desc": "היכנסו מייד למרחב המוגן "
}
2025-06-21 21:55:41,032 INFO: התקבלה התרעה חדשה:
{

  "id": "133946511910000000",

  "cat": "10",

  "title": "חדירת כלי טיס עוין",

  "data": [

    "מצפה רמון",

  ],

  "desc": "היכנסו מייד למרחב המוגן "
}
2025-06-21 21:55:42,341 INFO: התקבלה התרעה חדשה:
{

  "id": "133946511910000000",

  "cat": "10",

  "title": "חדירת כלי טיס עוין",

  "data": [

    "מצפה רמון",

  ],

  "desc": "היכנסו מייד למרחב המוגן "
}
2025-06-21 21:55:43,623 INFO: התקבלה התרעה חדשה:
{

  "id": "133946511910000000",

  "cat": "10",

  "title": "חדירת כלי טיס עוין",

  "data": [

    "מצפה רמון",

  ],

  "desc": "היכנסו מייד למרחב המוגן "
}
2025-06-21 21:55:45,005 INFO: התקבלה התרעה חדשה:
{

  "id": "133946511910000000",

  "cat": "10",

  "title": "חדירת כלי טיס עוין",

  "data": [

    "מצפה רמון",

  ],

  "desc": "היכנסו מייד למרחב המוגן "
}
2025-06-21 21:55:46,314 INFO: התקבלה התרעה חדשה:
{

  "id": "133946511910000000",

  "cat": "10",

  "title": "חדירת כלי טיס עוין",

  "data": [

    "מצפה רמון",

  ],

  "desc": "היכנסו מייד למרחב המוגן "
}
2025-06-21 21:55:47,661 INFO: התקבלה התרעה חדשה:
{

  "id": "133946511910000000",

  "cat": "10",

  "title": "חדירת כלי טיס עוין",

  "data": [

    "מצפה רמון",

  ],

  "desc": "היכנסו מייד למרחב המוגן "
}
2025-06-21 21:55:48,966 INFO: התקבלה התרעה חדשה:
{

  "id": "133946511910000000",

  "cat": "10",

  "title": "חדירת כלי טיס עוין",

  "data": [

    "מצפה רמון",

  ],

  "desc": "היכנסו מייד למרחב המוגן "
}
2025-06-21 21:55:50,390 INFO: התקבלה התרעה חדשה:
{

  "id": "133946511910000000",

  "cat": "10",

  "title": "חדירת כלי טיס עוין",

  "data": [

    "מצפה רמון",

  ],

  "desc": "היכנסו מייד למרחב המוגן "
}
2025-06-21 21:55:51,748 INFO: התקבלה התרעה חדשה:
{

  "id": "133946511910000000",

  "cat": "10",

  "title": "חדירת כלי טיס עוין",

  "data": [

    "מצפה רמון",

  ],

  "desc": "היכנסו מייד למרחב המוגן "
}
2025-06-21 21:55:53,133 INFO: התקבלה התרעה חדשה:
{

  "id": "133946511910000000",

  "cat": "10",

  "title": "חדירת כלי טיס עוין",

  "data": [

    "מצפה רמון",

  ],

  "desc": "היכנסו מייד למרחב המוגן "
}
2025-06-21 21:55:54,587 INFO: התקבלה התרעה חדשה:
{

  "id": "133946511910000000",

  "cat": "10",

  "title": "חדירת כלי טיס עוין",

  "data": [

    "מצפה רמון",

  ],

  "desc": "היכנסו מייד למרחב המוגן "
}
2025-06-21 21:55:56,134 INFO: התקבלה התרעה חדשה:
{

  "id": "133946511910000000",

  "cat": "10",

  "title": "חדירת כלי טיס עוין",

  "data": [

    "מצפה רמון",

  ],

  "desc": "היכנסו מייד למרחב המוגן "
}
2025-06-21 21:55:57,442 INFO: התקבלה התרעה חדשה:
{

  "id": "133946511910000000",

  "cat": "10",

  "title": "חדירת כלי טיס עוין",

  "data": [

    "מצפה רמון",

  ],

  "desc": "היכנסו מייד למרחב המוגן "
}
2025-06-21 21:55:58,760 INFO: התקבלה התרעה חדשה:
{

  "id": "133946511910000000",

  "cat": "10",

  "title": "חדירת כלי טיס עוין",

  "data": [

    "מצפה רמון",

  ],

  "desc": "היכנסו מייד למרחב המוגן "
}
2025-06-21 21:56:00,118 INFO: התקבלה התרעה חדשה:
{

  "id": "133946511910000000",

  "cat": "10",

  "title": "חדירת כלי טיס עוין",

  "data": [

    "מצפה רמון",

  ],

  "desc": "היכנסו מייד למרחב המוגן "
}
2025-06-21 21:56:01,460 INFO: התקבלה התרעה חדשה:
{

  "id": "133946511910000000",

  "cat": "10",

  "title": "חדירת כלי טיס עוין",

  "data": [

    "מצפה רמון",

  ],

  "desc": "היכנסו מייד למרחב המוגן "
}
2025-06-21 21:56:02,874 INFO: התקבלה התרעה חדשה:
{

  "id": "133946511910000000",

  "cat": "10",

  "title": "חדירת כלי טיס עוין",

  "data": [

    "מצפה רמון",

  ],

  "desc": "היכנסו מייד למרחב המוגן "
}
2025-06-21 21:56:04,127 INFO: התקבלה התרעה חדשה:
{

  "id": "133946511910000000",

  "cat": "10",

  "title": "חדירת כלי טיס עוין",

  "data": [

    "מצפה רמון",

  ],

  "desc": "היכנסו מייד למרחב המוגן "
}
2025-06-21 21:56:05,406 INFO: התקבלה התרעה חדשה:
{

  "id": "133946511910000000",

  "cat": "10",

  "title": "חדירת כלי טיס עוין",

  "data": [

    "מצפה רמון",

  ],

  "desc": "היכנסו מייד למרחב המוגן "
}
2025-06-21 21:56:06,712 INFO: התקבלה התרעה חדשה:
{

  "id": "133946511910000000",

  "cat": "10",

  "title": "חדירת כלי טיס עוין",

  "data": [

    "מצפה רמון",

  ],

  "desc": "היכנסו מייד למרחב המוגן "
}
2025-06-21 21:56:08,181 INFO: התקבלה התרעה חדשה:
{

  "id": "133946511910000000",

  "cat": "10",

  "title": "חדירת כלי טיס עוין",

  "data": [

    "מצפה רמון",

  ],

  "desc": "היכנסו מייד למרחב המוגן "
}
2025-06-21 21:56:09,590 INFO: התקבלה התרעה חדשה:
{

  "id": "133946511910000000",

  "cat": "10",

  "title": "חדירת כלי טיס עוין",

  "data": [

    "מצפה רמון",

  ],

  "desc": "היכנסו מייד למרחב המוגן "
}
2025-06-21 21:56:10,994 INFO: התקבלה התרעה חדשה:
{

  "id": "133946511910000000",

  "cat": "10",

  "title": "חדירת כלי טיס עוין",

  "data": [

    "מצפה רמון",

  ],

  "desc": "היכנסו מייד למרחב המוגן "
}
2025-06-21 21:56:12,313 INFO: התקבלה התרעה חדשה:
{

  "id": "133946511910000000",

  "cat": "10",

  "title": "חדירת כלי טיס עוין",

  "data": [

    "מצפה רמון",

  ],

  "desc": "היכנסו מייד למרחב המוגן "
}
2025-06-21 21:56:13,624 INFO: התקבלה התרעה חדשה:
{

  "id": "133946511910000000",

  "cat": "10",

  "title": "חדירת כלי טיס עוין",

  "data": [

    "מצפה רמון",

  ],

  "desc": "היכנסו מייד למרחב המוגן "
}
2025-06-21 21:56:15,096 INFO: התקבלה התרעה חדשה:
{

  "id": "133946511910000000",

  "cat": "10",

  "title": "חדירת כלי טיס עוין",

  "data": [

    "מצפה רמון",

  ],

  "desc": "היכנסו מייד למרחב המוגן "
}
2025-06-21 21:56:16,520 INFO: התקבלה התרעה חדשה:
{

  "id": "133946511910000000",

  "cat": "10",

  "title": "חדירת כלי טיס עוין",

  "data": [

    "מצפה רמון"

  ],

  "desc": "היכנסו מייד למרחב המוגן "
}
2025-06-21 21:58:07,537 INFO: התקבלה התרעה חדשה:
{

  "id": "133946511910000000",

  "cat": "10",

  "title": "חדירת כלי טיס עוין",

  "data": [

    "מצפה רמון"

  ],

  "desc": "היכנסו מייד למרחב המוגן "
}
2025-06-21 21:58:10,422 INFO: התקבלה התרעה חדשה:
{

  "id": "133946511910000000",

  "cat": "10",

  "title": "חדירת כלי טיס עוין",

  "data": [

    "מצפה רמון"

  ],

  "desc": "היכנסו מייד למרחב המוגן "
}
2025-06-21 21:58:13,337 INFO: התקבלה התרעה חדשה:
{

  "id": "133946511910000000",

  "cat": "10",

  "title": "חדירת כלי טיס עוין",

  "data": [

    "מצפה רמון"

  ],

  "desc": "היכנסו מייד למרחב המוגן "
}
2025-06-21 22:02:27,407 INFO: התקבלה התרעה חדשה:
{

  "id": "133946511910000000",

  "cat": "10",

  "title": "חדירת כלי טיס עוין",

  "data": [

    "מצפה רמון"

  ],

  "desc": "היכנסו מייד למרחב המוגן "
}
2025-06-21 22:05:16,949 INFO: התקבלה התרעה חדשה:
{

  "id": "133946511910000000",

  "cat": "10",

  "title": "חדירת כלי טיס עוין",

  "data": [

    "מצפה רמון"

  ],

  "desc": "היכנסו מייד למרחב המוגן "
}
